[26-May-2018 16:17:25 UTC] PHP Notice:  Use of undefined constant REQUEST_URI - assumed 'REQUEST_URI' in /home/goclaptrinh/web/goclaptrinh.net/public_html/wp-content/themes/voice/functions.php on line 73
[26-May-2018 16:17:26 UTC] PHP Notice:  Use of undefined constant REQUEST_URI - assumed 'REQUEST_URI' in /home/goclaptrinh/web/goclaptrinh.net/public_html/wp-content/themes/voice/functions.php on line 73
[26-May-2018 16:17:27 UTC] PHP Notice:  Use of undefined constant REQUEST_URI - assumed 'REQUEST_URI' in /home/goclaptrinh/web/goclaptrinh.net/public_html/wp-content/themes/voice/functions.php on line 73
[26-May-2018 16:17:28 UTC] PHP Notice:  Use of undefined constant REQUEST_URI - assumed 'REQUEST_URI' in /home/goclaptrinh/web/goclaptrinh.net/public_html/wp-content/themes/voice/functions.php on line 73
[26-May-2018 16:17:29 UTC] PHP Notice:  Use of undefined constant REQUEST_URI - assumed 'REQUEST_URI' in /home/goclaptrinh/web/goclaptrinh.net/public_html/wp-content/themes/voice/functions.php on line 73
[26-May-2018 16:17:30 UTC] PHP Notice:  Use of undefined constant REQUEST_URI - assumed 'REQUEST_URI' in /home/goclaptrinh/web/goclaptrinh.net/public_html/wp-content/themes/voice/functions.php on line 73
[26-May-2018 16:17:31 UTC] PHP Notice:  Use of undefined constant REQUEST_URI - assumed 'REQUEST_URI' in /home/goclaptrinh/web/goclaptrinh.net/public_html/wp-content/themes/voice/functions.php on line 73
[26-May-2018 16:17:33 UTC] PHP Notice:  Use of undefined constant REQUEST_URI - assumed 'REQUEST_URI' in /home/goclaptrinh/web/goclaptrinh.net/public_html/wp-content/themes/voice/functions.php on line 73
[26-May-2018 16:17:34 UTC] PHP Notice:  Use of undefined constant REQUEST_URI - assumed 'REQUEST_URI' in /home/goclaptrinh/web/goclaptrinh.net/public_html/wp-content/themes/voice/functions.php on line 73
[26-May-2018 16:17:35 UTC] PHP Notice:  Use of undefined constant REQUEST_URI - assumed 'REQUEST_URI' in /home/goclaptrinh/web/goclaptrinh.net/public_html/wp-content/themes/voice/functions.php on line 73
[26-May-2018 16:17:36 UTC] PHP Notice:  Use of undefined constant REQUEST_URI - assumed 'REQUEST_URI' in /home/goclaptrinh/web/goclaptrinh.net/public_html/wp-content/themes/voice/functions.php on line 73
[26-May-2018 16:17:38 UTC] PHP Notice:  Use of undefined constant REQUEST_URI - assumed 'REQUEST_URI' in /home/goclaptrinh/web/goclaptrinh.net/public_html/wp-content/themes/voice/functions.php on line 73
[26-May-2018 16:17:39 UTC] PHP Notice:  Use of undefined constant REQUEST_URI - assumed 'REQUEST_URI' in /home/goclaptrinh/web/goclaptrinh.net/public_html/wp-content/themes/voice/functions.php on line 73
[26-May-2018 16:17:40 UTC] PHP Notice:  Use of undefined constant REQUEST_URI - assumed 'REQUEST_URI' in /home/goclaptrinh/web/goclaptrinh.net/public_html/wp-content/themes/voice/functions.php on line 73
[26-May-2018 16:17:43 UTC] PHP Notice:  Use of undefined constant REQUEST_URI - assumed 'REQUEST_URI' in /home/goclaptrinh/web/goclaptrinh.net/public_html/wp-content/themes/voice/functions.php on line 73
[26-May-2018 16:17:44 UTC] PHP Notice:  Use of undefined constant REQUEST_URI - assumed 'REQUEST_URI' in /home/goclaptrinh/web/goclaptrinh.net/public_html/wp-content/themes/voice/functions.php on line 73
[26-May-2018 16:17:45 UTC] PHP Notice:  Use of undefined constant REQUEST_URI - assumed 'REQUEST_URI' in /home/goclaptrinh/web/goclaptrinh.net/public_html/wp-content/themes/voice/functions.php on line 73
[26-May-2018 16:17:46 UTC] PHP Notice:  Use of undefined constant REQUEST_URI - assumed 'REQUEST_URI' in /home/goclaptrinh/web/goclaptrinh.net/public_html/wp-content/themes/voice/functions.php on line 73
[26-May-2018 16:17:47 UTC] PHP Notice:  Use of undefined constant REQUEST_URI - assumed 'REQUEST_URI' in /home/goclaptrinh/web/goclaptrinh.net/public_html/wp-content/themes/voice/functions.php on line 73
[26-May-2018 16:17:48 UTC] PHP Notice:  Use of undefined constant REQUEST_URI - assumed 'REQUEST_URI' in /home/goclaptrinh/web/goclaptrinh.net/public_html/wp-content/themes/voice/functions.php on line 73
[26-May-2018 16:17:50 UTC] PHP Notice:  Use of undefined constant REQUEST_URI - assumed 'REQUEST_URI' in /home/goclaptrinh/web/goclaptrinh.net/public_html/wp-content/themes/voice/functions.php on line 73
[26-May-2018 18:45:05 UTC] WordPress database error You have an error in your SQL syntax; check the manual that corresponds to your MySQL server version for the right syntax to use near ')%20format('embedded-opentype'),%20%20%20%20%20%20%20url('../fonts/font-icons.wo' at line 1 for query SELECT id FROM `wp_sb2_404` WHERE `lp` = '/wp-content/plugins/wp-review/assets/fonts/font-icons.eot')%20format('embedded-opentype'),%20%20%20%20%20%20%20url('../fonts/font-icons.woff')%20format('woff'),%20%20%20%20%20%20%20url('../fonts/font-icons.ttf')%20format('truetype'),%20%20%20%20%20%20%20url('../fonts/font-icons.svg')%20format('svg' limit 1; made by require('wp-blog-header.php'), require_once('wp-includes/template-loader.php'), do_action('template_redirect'), WP_Hook->do_action, WP_Hook->apply_filters, seobooster2->template_redirect_action
[08-Jul-2018 18:06:53 UTC] PHP Notice:  Undefined offset: 0 in /home/goclaptrinh/web/goclaptrinh.net/public_html/wp-content/plugins/wp-onpage-seo/on_page_seo.php on line 365
[14-Jul-2018 01:53:29 UTC] PHP Fatal error:  Maximum execution time of 30 seconds exceeded in /home/goclaptrinh/web/goclaptrinh.net/public_html/wp-content/plugins/wordfence/lib/wfConfig.php on line 636
[13-Aug-2018 22:12:03 UTC] WordPress database error Deadlock found when trying to get lock; try restarting transaction for query DELETE FROM `wp_options` WHERE `option_name` = '_site_transient_theme_roots' made by require('wp-blog-header.php'), require_once('wp-load.php'), require_once('wp-config.php'), require_once('wp-settings.php'), do_action('init'), WP_Hook->do_action, WP_Hook->apply_filters, gglcptch_init, bws_include_init, wp_get_themes, search_theme_directories, get_site_transient, delete_site_option, delete_network_option, delete_option
[17-Aug-2018 04:05:20 UTC] PHP Notice:  Undefined offset: 0 in /home/goclaptrinh/web/goclaptrinh.net/public_html/wp-content/plugins/wp-onpage-seo/on_page_seo.php on line 365
[13-Sep-2018 02:29:18 UTC] PHP Notice:  Undefined offset: 126 in /home/goclaptrinh/web/goclaptrinh.net/public_html/wp-content/plugins/wordfence/vendor/maxmind-db/reader/src/MaxMind/Db/Reader/Decoder.php on line 87
[13-Sep-2018 02:29:18 UTC] PHP Notice:  Undefined offset: 126 in /home/goclaptrinh/web/goclaptrinh.net/public_html/wp-content/plugins/wordfence/vendor/maxmind-db/reader/src/MaxMind/Db/Reader/Decoder.php on line 87
[13-Sep-2018 02:29:18 UTC] PHP Notice:  Undefined offset: 126 in /home/goclaptrinh/web/goclaptrinh.net/public_html/wp-content/plugins/wordfence/vendor/maxmind-db/reader/src/MaxMind/Db/Reader/Decoder.php on line 87
[13-Sep-2018 02:29:18 UTC] PHP Notice:  Undefined offset: 126 in /home/goclaptrinh/web/goclaptrinh.net/public_html/wp-content/plugins/wordfence/vendor/maxmind-db/reader/src/MaxMind/Db/Reader/Decoder.php on line 87
[13-Sep-2018 02:29:18 UTC] PHP Notice:  Undefined offset: 126 in /home/goclaptrinh/web/goclaptrinh.net/public_html/wp-content/plugins/wordfence/vendor/maxmind-db/reader/src/MaxMind/Db/Reader/Decoder.php on line 87
[13-Sep-2018 02:29:18 UTC] PHP Notice:  Undefined offset: 126 in /home/goclaptrinh/web/goclaptrinh.net/public_html/wp-content/plugins/wordfence/vendor/maxmind-db/reader/src/MaxMind/Db/Reader/Decoder.php on line 87
[13-Sep-2018 02:29:18 UTC] PHP Notice:  Undefined offset: 126 in /home/goclaptrinh/web/goclaptrinh.net/public_html/wp-content/plugins/wordfence/vendor/maxmind-db/reader/src/MaxMind/Db/Reader/Decoder.php on line 87
[13-Sep-2018 02:29:18 UTC] PHP Notice:  Undefined offset: 126 in /home/goclaptrinh/web/goclaptrinh.net/public_html/wp-content/plugins/wordfence/vendor/maxmind-db/reader/src/MaxMind/Db/Reader/Decoder.php on line 87
[13-Sep-2018 02:29:18 UTC] PHP Notice:  Undefined offset: 126 in /home/goclaptrinh/web/goclaptrinh.net/public_html/wp-content/plugins/wordfence/vendor/maxmind-db/reader/src/MaxMind/Db/Reader/Decoder.php on line 87
[13-Sep-2018 02:29:18 UTC] PHP Notice:  Undefined offset: 126 in /home/goclaptrinh/web/goclaptrinh.net/public_html/wp-content/plugins/wordfence/vendor/maxmind-db/reader/src/MaxMind/Db/Reader/Decoder.php on line 87
[13-Sep-2018 02:29:18 UTC] PHP Notice:  Undefined offset: 126 in /home/goclaptrinh/web/goclaptrinh.net/public_html/wp-content/plugins/wordfence/vendor/maxmind-db/reader/src/MaxMind/Db/Reader/Decoder.php on line 87
[13-Sep-2018 02:29:18 UTC] PHP Notice:  Undefined offset: 126 in /home/goclaptrinh/web/goclaptrinh.net/public_html/wp-content/plugins/wordfence/vendor/maxmind-db/reader/src/MaxMind/Db/Reader/Decoder.php on line 87
[13-Sep-2018 02:29:18 UTC] PHP Notice:  Undefined offset: 126 in /home/goclaptrinh/web/goclaptrinh.net/public_html/wp-content/plugins/wordfence/vendor/maxmind-db/reader/src/MaxMind/Db/Reader/Decoder.php on line 87
[13-Sep-2018 02:29:18 UTC] PHP Notice:  Undefined offset: 126 in /home/goclaptrinh/web/goclaptrinh.net/public_html/wp-content/plugins/wordfence/vendor/maxmind-db/reader/src/MaxMind/Db/Reader/Decoder.php on line 87
[13-Sep-2018 02:29:18 UTC] PHP Notice:  Undefined offset: 126 in /home/goclaptrinh/web/goclaptrinh.net/public_html/wp-content/plugins/wordfence/vendor/maxmind-db/reader/src/MaxMind/Db/Reader/Decoder.php on line 87
[13-Sep-2018 02:29:18 UTC] PHP Notice:  Undefined offset: 126 in /home/goclaptrinh/web/goclaptrinh.net/public_html/wp-content/plugins/wordfence/vendor/maxmind-db/reader/src/MaxMind/Db/Reader/Decoder.php on line 87
[13-Sep-2018 02:29:18 UTC] PHP Notice:  Undefined offset: 126 in /home/goclaptrinh/web/goclaptrinh.net/public_html/wp-content/plugins/wordfence/vendor/maxmind-db/reader/src/MaxMind/Db/Reader/Decoder.php on line 87
[13-Sep-2018 02:29:18 UTC] PHP Notice:  Undefined offset: 126 in /home/goclaptrinh/web/goclaptrinh.net/public_html/wp-content/plugins/wordfence/vendor/maxmind-db/reader/src/MaxMind/Db/Reader/Decoder.php on line 87
[13-Sep-2018 02:29:18 UTC] PHP Notice:  Undefined offset: 126 in /home/goclaptrinh/web/goclaptrinh.net/public_html/wp-content/plugins/wordfence/vendor/maxmind-db/reader/src/MaxMind/Db/Reader/Decoder.php on line 87
[13-Sep-2018 02:29:18 UTC] PHP Notice:  Undefined offset: 126 in /home/goclaptrinh/web/goclaptrinh.net/public_html/wp-content/plugins/wordfence/vendor/maxmind-db/reader/src/MaxMind/Db/Reader/Decoder.php on line 87
[13-Sep-2018 02:29:18 UTC] PHP Notice:  Undefined offset: 126 in /home/goclaptrinh/web/goclaptrinh.net/public_html/wp-content/plugins/wordfence/vendor/maxmind-db/reader/src/MaxMind/Db/Reader/Decoder.php on line 87
[13-Sep-2018 02:29:18 UTC] PHP Notice:  Undefined offset: 126 in /home/goclaptrinh/web/goclaptrinh.net/public_html/wp-content/plugins/wordfence/vendor/maxmind-db/reader/src/MaxMind/Db/Reader/Decoder.php on line 87
[13-Sep-2018 02:29:18 UTC] PHP Notice:  Undefined offset: 126 in /home/goclaptrinh/web/goclaptrinh.net/public_html/wp-content/plugins/wordfence/vendor/maxmind-db/reader/src/MaxMind/Db/Reader/Decoder.php on line 87
[13-Sep-2018 02:29:18 UTC] PHP Notice:  Undefined offset: 126 in /home/goclaptrinh/web/goclaptrinh.net/public_html/wp-content/plugins/wordfence/vendor/maxmind-db/reader/src/MaxMind/Db/Reader/Decoder.php on line 87
[13-Sep-2018 02:29:18 UTC] PHP Notice:  Undefined offset: 126 in /home/goclaptrinh/web/goclaptrinh.net/public_html/wp-content/plugins/wordfence/vendor/maxmind-db/reader/src/MaxMind/Db/Reader/Decoder.php on line 87
[13-Sep-2018 02:29:18 UTC] PHP Notice:  Undefined offset: 126 in /home/goclaptrinh/web/goclaptrinh.net/public_html/wp-content/plugins/wordfence/vendor/maxmind-db/reader/src/MaxMind/Db/Reader/Decoder.php on line 87
[13-Sep-2018 02:29:18 UTC] PHP Notice:  Undefined offset: 126 in /home/goclaptrinh/web/goclaptrinh.net/public_html/wp-content/plugins/wordfence/vendor/maxmind-db/reader/src/MaxMind/Db/Reader/Decoder.php on line 87
[13-Sep-2018 02:29:18 UTC] PHP Notice:  Undefined offset: 126 in /home/goclaptrinh/web/goclaptrinh.net/public_html/wp-content/plugins/wordfence/vendor/maxmind-db/reader/src/MaxMind/Db/Reader/Decoder.php on line 87
[13-Sep-2018 02:29:18 UTC] PHP Notice:  Undefined offset: 126 in /home/goclaptrinh/web/goclaptrinh.net/public_html/wp-content/plugins/wordfence/vendor/maxmind-db/reader/src/MaxMind/Db/Reader/Decoder.php on line 87
[13-Sep-2018 02:29:18 UTC] PHP Notice:  Undefined offset: 126 in /home/goclaptrinh/web/goclaptrinh.net/public_html/wp-content/plugins/wordfence/vendor/maxmind-db/reader/src/MaxMind/Db/Reader/Decoder.php on line 87
[13-Sep-2018 02:29:18 UTC] PHP Notice:  Undefined offset: 126 in /home/goclaptrinh/web/goclaptrinh.net/public_html/wp-content/plugins/wordfence/vendor/maxmind-db/reader/src/MaxMind/Db/Reader/Decoder.php on line 87
[13-Sep-2018 02:29:18 UTC] PHP Notice:  Undefined offset: 126 in /home/goclaptrinh/web/goclaptrinh.net/public_html/wp-content/plugins/wordfence/vendor/maxmind-db/reader/src/MaxMind/Db/Reader/Decoder.php on line 87
[13-Sep-2018 02:29:18 UTC] PHP Notice:  Undefined offset: 126 in /home/goclaptrinh/web/goclaptrinh.net/public_html/wp-content/plugins/wordfence/vendor/maxmind-db/reader/src/MaxMind/Db/Reader/Decoder.php on line 87
[13-Sep-2018 02:29:18 UTC] PHP Notice:  Undefined offset: 126 in /home/goclaptrinh/web/goclaptrinh.net/public_html/wp-content/plugins/wordfence/vendor/maxmind-db/reader/src/MaxMind/Db/Reader/Decoder.php on line 87
[13-Sep-2018 02:29:18 UTC] PHP Notice:  Undefined offset: 126 in /home/goclaptrinh/web/goclaptrinh.net/public_html/wp-content/plugins/wordfence/vendor/maxmind-db/reader/src/MaxMind/Db/Reader/Decoder.php on line 87
[13-Sep-2018 02:29:18 UTC] PHP Notice:  Undefined offset: 126 in /home/goclaptrinh/web/goclaptrinh.net/public_html/wp-content/plugins/wordfence/vendor/maxmind-db/reader/src/MaxMind/Db/Reader/Decoder.php on line 87
[13-Sep-2018 02:29:18 UTC] PHP Notice:  Undefined offset: 126 in /home/goclaptrinh/web/goclaptrinh.net/public_html/wp-content/plugins/wordfence/vendor/maxmind-db/reader/src/MaxMind/Db/Reader/Decoder.php on line 87
[13-Sep-2018 02:29:18 UTC] PHP Notice:  Undefined offset: 126 in /home/goclaptrinh/web/goclaptrinh.net/public_html/wp-content/plugins/wordfence/vendor/maxmind-db/reader/src/MaxMind/Db/Reader/Decoder.php on line 87
[13-Sep-2018 02:29:18 UTC] PHP Notice:  Undefined offset: 126 in /home/goclaptrinh/web/goclaptrinh.net/public_html/wp-content/plugins/wordfence/vendor/maxmind-db/reader/src/MaxMind/Db/Reader/Decoder.php on line 87
[13-Sep-2018 02:29:18 UTC] PHP Notice:  Undefined offset: 126 in /home/goclaptrinh/web/goclaptrinh.net/public_html/wp-content/plugins/wordfence/vendor/maxmind-db/reader/src/MaxMind/Db/Reader/Decoder.php on line 87
[13-Sep-2018 02:29:18 UTC] PHP Notice:  Undefined offset: 126 in /home/goclaptrinh/web/goclaptrinh.net/public_html/wp-content/plugins/wordfence/vendor/maxmind-db/reader/src/MaxMind/Db/Reader/Decoder.php on line 87
[13-Sep-2018 02:29:18 UTC] PHP Notice:  Undefined offset: 126 in /home/goclaptrinh/web/goclaptrinh.net/public_html/wp-content/plugins/wordfence/vendor/maxmind-db/reader/src/MaxMind/Db/Reader/Decoder.php on line 87
[13-Sep-2018 02:29:18 UTC] PHP Notice:  Undefined offset: 126 in /home/goclaptrinh/web/goclaptrinh.net/public_html/wp-content/plugins/wordfence/vendor/maxmind-db/reader/src/MaxMind/Db/Reader/Decoder.php on line 87
[13-Sep-2018 02:29:18 UTC] PHP Notice:  Undefined offset: 126 in /home/goclaptrinh/web/goclaptrinh.net/public_html/wp-content/plugins/wordfence/vendor/maxmind-db/reader/src/MaxMind/Db/Reader/Decoder.php on line 87
[13-Sep-2018 02:29:18 UTC] PHP Notice:  Undefined offset: 126 in /home/goclaptrinh/web/goclaptrinh.net/public_html/wp-content/plugins/wordfence/vendor/maxmind-db/reader/src/MaxMind/Db/Reader/Decoder.php on line 87
[13-Sep-2018 02:29:18 UTC] PHP Notice:  Undefined offset: 126 in /home/goclaptrinh/web/goclaptrinh.net/public_html/wp-content/plugins/wordfence/vendor/maxmind-db/reader/src/MaxMind/Db/Reader/Decoder.php on line 87
[13-Sep-2018 02:29:18 UTC] PHP Notice:  Undefined offset: 126 in /home/goclaptrinh/web/goclaptrinh.net/public_html/wp-content/plugins/wordfence/vendor/maxmind-db/reader/src/MaxMind/Db/Reader/Decoder.php on line 87
[13-Sep-2018 02:29:18 UTC] PHP Notice:  Undefined offset: 126 in /home/goclaptrinh/web/goclaptrinh.net/public_html/wp-content/plugins/wordfence/vendor/maxmind-db/reader/src/MaxMind/Db/Reader/Decoder.php on line 87
[13-Sep-2018 02:29:18 UTC] PHP Notice:  Undefined offset: 126 in /home/goclaptrinh/web/goclaptrinh.net/public_html/wp-content/plugins/wordfence/vendor/maxmind-db/reader/src/MaxMind/Db/Reader/Decoder.php on line 87
[13-Sep-2018 02:29:18 UTC] PHP Notice:  Undefined offset: 126 in /home/goclaptrinh/web/goclaptrinh.net/public_html/wp-content/plugins/wordfence/vendor/maxmind-db/reader/src/MaxMind/Db/Reader/Decoder.php on line 87
[13-Sep-2018 02:29:18 UTC] PHP Notice:  Undefined offset: 126 in /home/goclaptrinh/web/goclaptrinh.net/public_html/wp-content/plugins/wordfence/vendor/maxmind-db/reader/src/MaxMind/Db/Reader/Decoder.php on line 87
[13-Sep-2018 02:29:18 UTC] PHP Notice:  Undefined offset: 126 in /home/goclaptrinh/web/goclaptrinh.net/public_html/wp-content/plugins/wordfence/vendor/maxmind-db/reader/src/MaxMind/Db/Reader/Decoder.php on line 87
[13-Sep-2018 02:29:18 UTC] PHP Notice:  Undefined offset: 126 in /home/goclaptrinh/web/goclaptrinh.net/public_html/wp-content/plugins/wordfence/vendor/maxmind-db/reader/src/MaxMind/Db/Reader/Decoder.php on line 87
[13-Sep-2018 02:29:18 UTC] PHP Notice:  Undefined offset: 126 in /home/goclaptrinh/web/goclaptrinh.net/public_html/wp-content/plugins/wordfence/vendor/maxmind-db/reader/src/MaxMind/Db/Reader/Decoder.php on line 87
[13-Sep-2018 02:29:18 UTC] PHP Notice:  Undefined offset: 126 in /home/goclaptrinh/web/goclaptrinh.net/public_html/wp-content/plugins/wordfence/vendor/maxmind-db/reader/src/MaxMind/Db/Reader/Decoder.php on line 87
[13-Sep-2018 02:29:18 UTC] PHP Notice:  Undefined offset: 126 in /home/goclaptrinh/web/goclaptrinh.net/public_html/wp-content/plugins/wordfence/vendor/maxmind-db/reader/src/MaxMind/Db/Reader/Decoder.php on line 87
[13-Sep-2018 02:29:18 UTC] PHP Notice:  Undefined offset: 126 in /home/goclaptrinh/web/goclaptrinh.net/public_html/wp-content/plugins/wordfence/vendor/maxmind-db/reader/src/MaxMind/Db/Reader/Decoder.php on line 87
[13-Sep-2018 02:29:18 UTC] PHP Notice:  Undefined offset: 126 in /home/goclaptrinh/web/goclaptrinh.net/public_html/wp-content/plugins/wordfence/vendor/maxmind-db/reader/src/MaxMind/Db/Reader/Decoder.php on line 87
[13-Sep-2018 02:29:18 UTC] PHP Notice:  Undefined offset: 126 in /home/goclaptrinh/web/goclaptrinh.net/public_html/wp-content/plugins/wordfence/vendor/maxmind-db/reader/src/MaxMind/Db/Reader/Decoder.php on line 87
[13-Sep-2018 02:29:18 UTC] PHP Notice:  Undefined offset: 126 in /home/goclaptrinh/web/goclaptrinh.net/public_html/wp-content/plugins/wordfence/vendor/maxmind-db/reader/src/MaxMind/Db/Reader/Decoder.php on line 87
[13-Sep-2018 02:29:18 UTC] PHP Notice:  Undefined offset: 126 in /home/goclaptrinh/web/goclaptrinh.net/public_html/wp-content/plugins/wordfence/vendor/maxmind-db/reader/src/MaxMind/Db/Reader/Decoder.php on line 87
[13-Sep-2018 02:29:18 UTC] PHP Notice:  Undefined offset: 126 in /home/goclaptrinh/web/goclaptrinh.net/public_html/wp-content/plugins/wordfence/vendor/maxmind-db/reader/src/MaxMind/Db/Reader/Decoder.php on line 87
[13-Sep-2018 02:29:18 UTC] PHP Notice:  Undefined offset: 126 in /home/goclaptrinh/web/goclaptrinh.net/public_html/wp-content/plugins/wordfence/vendor/maxmind-db/reader/src/MaxMind/Db/Reader/Decoder.php on line 87
[13-Sep-2018 02:29:18 UTC] PHP Notice:  Undefined offset: 126 in /home/goclaptrinh/web/goclaptrinh.net/public_html/wp-content/plugins/wordfence/vendor/maxmind-db/reader/src/MaxMind/Db/Reader/Decoder.php on line 87
[13-Sep-2018 02:29:18 UTC] PHP Notice:  Undefined offset: 126 in /home/goclaptrinh/web/goclaptrinh.net/public_html/wp-content/plugins/wordfence/vendor/maxmind-db/reader/src/MaxMind/Db/Reader/Decoder.php on line 87
[13-Sep-2018 02:29:18 UTC] PHP Notice:  Undefined offset: 126 in /home/goclaptrinh/web/goclaptrinh.net/public_html/wp-content/plugins/wordfence/vendor/maxmind-db/reader/src/MaxMind/Db/Reader/Decoder.php on line 87
[13-Sep-2018 02:29:18 UTC] PHP Notice:  Undefined offset: 126 in /home/goclaptrinh/web/goclaptrinh.net/public_html/wp-content/plugins/wordfence/vendor/maxmind-db/reader/src/MaxMind/Db/Reader/Decoder.php on line 87
[13-Sep-2018 02:29:18 UTC] PHP Notice:  Undefined offset: 126 in /home/goclaptrinh/web/goclaptrinh.net/public_html/wp-content/plugins/wordfence/vendor/maxmind-db/reader/src/MaxMind/Db/Reader/Decoder.php on line 87
[13-Sep-2018 02:29:18 UTC] PHP Notice:  Undefined offset: 126 in /home/goclaptrinh/web/goclaptrinh.net/public_html/wp-content/plugins/wordfence/vendor/maxmind-db/reader/src/MaxMind/Db/Reader/Decoder.php on line 87
[13-Sep-2018 02:29:18 UTC] PHP Notice:  Undefined offset: 126 in /home/goclaptrinh/web/goclaptrinh.net/public_html/wp-content/plugins/wordfence/vendor/maxmind-db/reader/src/MaxMind/Db/Reader/Decoder.php on line 87
[13-Sep-2018 02:29:18 UTC] PHP Notice:  Undefined offset: 126 in /home/goclaptrinh/web/goclaptrinh.net/public_html/wp-content/plugins/wordfence/vendor/maxmind-db/reader/src/MaxMind/Db/Reader/Decoder.php on line 87
[15-Sep-2018 01:54:17 UTC] PHP Fatal error:  Maximum execution time of 30 seconds exceeded in /home/goclaptrinh/web/goclaptrinh.net/public_html/wp-content/plugins/wordfence/lib/wfConfig.php on line 665
[21-Sep-2018 06:50:07 UTC] PHP Warning:  mysqli_real_connect(): (HY000/1203): User goclaptrinh_db already has more than 'max_user_connections' active connections in /home/goclaptrinh/web/goclaptrinh.net/public_html/wp-includes/wp-db.php on line 1531
[21-Sep-2018 06:50:07 UTC] PHP Warning:  mysqli_real_connect(): (HY000/1203): User goclaptrinh_db already has more than 'max_user_connections' active connections in /home/goclaptrinh/web/goclaptrinh.net/public_html/wp-includes/wp-db.php on line 1531
[21-Sep-2018 06:50:07 UTC] PHP Warning:  mysqli_real_connect(): (HY000/1203): User goclaptrinh_db already has more than 'max_user_connections' active connections in /home/goclaptrinh/web/goclaptrinh.net/public_html/wp-includes/wp-db.php on line 1531
[21-Sep-2018 06:50:07 UTC] PHP Warning:  mysqli_real_connect(): (HY000/1203): User goclaptrinh_db already has more than 'max_user_connections' active connections in /home/goclaptrinh/web/goclaptrinh.net/public_html/wp-includes/wp-db.php on line 1531
[21-Sep-2018 06:50:07 UTC] PHP Warning:  mysqli_real_connect(): (HY000/1203): User goclaptrinh_db already has more than 'max_user_connections' active connections in /home/goclaptrinh/web/goclaptrinh.net/public_html/wp-includes/wp-db.php on line 1531
[21-Sep-2018 06:50:12 UTC] PHP Warning:  mysqli_real_connect(): (HY000/1203): User goclaptrinh_db already has more than 'max_user_connections' active connections in /home/goclaptrinh/web/goclaptrinh.net/public_html/wp-includes/wp-db.php on line 1531
[21-Sep-2018 06:50:12 UTC] PHP Warning:  mysqli_real_connect(): (HY000/1203): User goclaptrinh_db already has more than 'max_user_connections' active connections in /home/goclaptrinh/web/goclaptrinh.net/public_html/wp-includes/wp-db.php on line 1531
[21-Sep-2018 06:50:20 UTC] PHP Warning:  mysqli_real_connect(): (HY000/1203): User goclaptrinh_db already has more than 'max_user_connections' active connections in /home/goclaptrinh/web/goclaptrinh.net/public_html/wp-includes/wp-db.php on line 1531
[21-Sep-2018 06:50:20 UTC] PHP Warning:  mysqli_real_connect(): (HY000/1203): User goclaptrinh_db already has more than 'max_user_connections' active connections in /home/goclaptrinh/web/goclaptrinh.net/public_html/wp-includes/wp-db.php on line 1531
[21-Sep-2018 06:50:20 UTC] PHP Warning:  mysqli_real_connect(): (HY000/1203): User goclaptrinh_db already has more than 'max_user_connections' active connections in /home/goclaptrinh/web/goclaptrinh.net/public_html/wp-includes/wp-db.php on line 1531
[21-Sep-2018 06:50:20 UTC] PHP Warning:  mysqli_real_connect(): (HY000/1203): User goclaptrinh_db already has more than 'max_user_connections' active connections in /home/goclaptrinh/web/goclaptrinh.net/public_html/wp-includes/wp-db.php on line 1531
[21-Sep-2018 06:50:20 UTC] PHP Warning:  mysqli_real_connect(): (HY000/1203): User goclaptrinh_db already has more than 'max_user_connections' active connections in /home/goclaptrinh/web/goclaptrinh.net/public_html/wp-includes/wp-db.php on line 1531
[21-Sep-2018 06:50:20 UTC] PHP Warning:  mysqli_real_connect(): (HY000/1203): User goclaptrinh_db already has more than 'max_user_connections' active connections in /home/goclaptrinh/web/goclaptrinh.net/public_html/wp-includes/wp-db.php on line 1531
[21-Sep-2018 06:50:21 UTC] PHP Warning:  mysqli_real_connect(): (HY000/1203): User goclaptrinh_db already has more than 'max_user_connections' active connections in /home/goclaptrinh/web/goclaptrinh.net/public_html/wp-includes/wp-db.php on line 1531
[21-Sep-2018 06:50:22 UTC] PHP Warning:  mysqli_real_connect(): (HY000/1203): User goclaptrinh_db already has more than 'max_user_connections' active connections in /home/goclaptrinh/web/goclaptrinh.net/public_html/wp-includes/wp-db.php on line 1531
[21-Sep-2018 06:50:22 UTC] PHP Warning:  mysqli_real_connect(): (HY000/1203): User goclaptrinh_db already has more than 'max_user_connections' active connections in /home/goclaptrinh/web/goclaptrinh.net/public_html/wp-includes/wp-db.php on line 1531
[21-Sep-2018 06:50:22 UTC] PHP Warning:  mysqli_real_connect(): (HY000/1203): User goclaptrinh_db already has more than 'max_user_connections' active connections in /home/goclaptrinh/web/goclaptrinh.net/public_html/wp-includes/wp-db.php on line 1531
[21-Sep-2018 06:50:22 UTC] PHP Warning:  mysqli_real_connect(): (HY000/1203): User goclaptrinh_db already has more than 'max_user_connections' active connections in /home/goclaptrinh/web/goclaptrinh.net/public_html/wp-includes/wp-db.php on line 1531
[21-Sep-2018 06:50:22 UTC] PHP Warning:  mysqli_real_connect(): (HY000/1203): User goclaptrinh_db already has more than 'max_user_connections' active connections in /home/goclaptrinh/web/goclaptrinh.net/public_html/wp-includes/wp-db.php on line 1531
[21-Sep-2018 06:50:23 UTC] PHP Warning:  mysqli_real_connect(): (HY000/1203): User goclaptrinh_db already has more than 'max_user_connections' active connections in /home/goclaptrinh/web/goclaptrinh.net/public_html/wp-includes/wp-db.php on line 1531
[21-Sep-2018 06:50:23 UTC] PHP Warning:  mysqli_real_connect(): (HY000/1203): User goclaptrinh_db already has more than 'max_user_connections' active connections in /home/goclaptrinh/web/goclaptrinh.net/public_html/wp-includes/wp-db.php on line 1531
[21-Sep-2018 06:50:23 UTC] PHP Warning:  mysqli_real_connect(): (HY000/1203): User goclaptrinh_db already has more than 'max_user_connections' active connections in /home/goclaptrinh/web/goclaptrinh.net/public_html/wp-includes/wp-db.php on line 1531
[21-Sep-2018 06:50:23 UTC] PHP Warning:  mysqli_real_connect(): (HY000/1203): User goclaptrinh_db already has more than 'max_user_connections' active connections in /home/goclaptrinh/web/goclaptrinh.net/public_html/wp-includes/wp-db.php on line 1531
[21-Sep-2018 06:50:23 UTC] PHP Warning:  mysqli_real_connect(): (HY000/1203): User goclaptrinh_db already has more than 'max_user_connections' active connections in /home/goclaptrinh/web/goclaptrinh.net/public_html/wp-includes/wp-db.php on line 1531
[21-Sep-2018 06:50:23 UTC] PHP Warning:  mysqli_real_connect(): (HY000/1203): User goclaptrinh_db already has more than 'max_user_connections' active connections in /home/goclaptrinh/web/goclaptrinh.net/public_html/wp-includes/wp-db.php on line 1531
[21-Sep-2018 06:50:24 UTC] PHP Warning:  mysqli_real_connect(): (HY000/1203): User goclaptrinh_db already has more than 'max_user_connections' active connections in /home/goclaptrinh/web/goclaptrinh.net/public_html/wp-includes/wp-db.php on line 1531
[21-Sep-2018 06:50:24 UTC] PHP Warning:  mysqli_real_connect(): (HY000/1203): User goclaptrinh_db already has more than 'max_user_connections' active connections in /home/goclaptrinh/web/goclaptrinh.net/public_html/wp-includes/wp-db.php on line 1531
[21-Sep-2018 06:50:24 UTC] PHP Warning:  mysqli_real_connect(): (HY000/1203): User goclaptrinh_db already has more than 'max_user_connections' active connections in /home/goclaptrinh/web/goclaptrinh.net/public_html/wp-includes/wp-db.php on line 1531
